<?xml version="1.0" encoding="UTF-8"?>
<!-- Generated by org.testng.reporters.JUnitXMLReporter -->
<testsuite hostname="ip-172-31-94-108" ignored="6" name="Test" tests="3" failures="0" timestamp="2021-10-25T07:21:10 UTC" time="0.055" errors="0">
  <testcase name="ThirdTest" time="0.005" classname="test.Testcase2"/>
  <testcase name="SecondTest" time="0.004" classname="test.Testcase2"/>
  <testcase name="CarLoan" time="0.001" classname="test.Testcase1"/>
  <testcase name="@BeforeTest BeforeTestMethod" time="0.0" classname="test.BaseClass">
    <ignored/>
  </testcase> <!-- @BeforeTest BeforeTestMethod -->
  <testcase name="CreditcardTest" time="0.0" classname="test.Testcase2">
    <ignored/>
  </testcase> <!-- CreditcardTest -->
  <testcase name="HomeLoan2" time="0.0" classname="test.Testcase1">
    <ignored/>
  </testcase> <!-- HomeLoan2 -->
  <testcase name="HomeLoan1" time="0.0" classname="test.Testcase1">
    <ignored/>
  </testcase> <!-- HomeLoan1 -->
  <testcase name="HomeLoan" time="0.0" classname="test.Testcase1">
    <ignored/>
  </testcase> <!-- HomeLoan -->
  <testcase name="@AfterTest AfterTestMethod" time="0.0" classname="test.BaseClass">
    <ignored/>
  </testcase> <!-- @AfterTest AfterTestMethod -->
</testsuite> <!-- Test -->
